Info: Starting: Create block symbol file (.bsf)
Info: ip-generate --project-directory=D:/AAApera/Sem6/CO503/Practicals/Practical1/Part2/ --output-directory=D:/AAApera/Sem6/CO503/Practicals/Practical1/Part2/SoC/ --report-file=bsf:D:/AAApera/Sem6/CO503/Practicals/Practical1/Part2/SoC.bsf --system-info=DEVICE_FAMILY="Cyclone IV E" --system-info=DEVICE=EP4CE115F29C7 --system-info=DEVICE_SPEEDGRADE=7 --component-file=D:/AAApera/Sem6/CO503/Practicals/Practical1/Part2/SoC.qsys
Progress: Loading Part2/SoC.qsys
Progress: Reading input file
Progress: Adding clock [clock_source 13.1]
Progress: Parameterizing module clock
Progress: Adding onboard_DRAM [altera_sdram_partner_module 11.0]
Progress: Parameterizing module onboard_DRAM
Progress: Adding cpu [altera_nios2_qsys 13.1]
Progress: Parameterizing module cpu
Progress: Adding jtag_uart [altera_avalon_jtag_uart 13.1]
Progress: Parameterizing module jtag_uart
Progress: Adding timer [altera_avalon_timer 13.1]
Progress: Parameterizing module timer
Progress: Adding sysid [altera_avalon_sysid_qsys 13.1]
Progress: Parameterizing module sysid
Progress: Adding led_out [altera_avalon_pio 13.1]
Progress: Parameterizing module led_out
Progress: Adding pll [altpll 13.1]
Progress: Parameterizing module pll
Progress: Adding mm_clock_crossing_bridge_0 [altera_avalon_mm_clock_crossing_bridge 13.1]
Progress: Parameterizing module mm_clock_crossing_bridge_0
Progress: Adding new_sdram_controller_0 [altera_avalon_new_sdram_controller 13.1]
Progress: Parameterizing module new_sdram_controller_0
Progress: Building connections
Progress: Parameterizing connections
Progress: Validating
Progress: Done reading input file
Info: SoC.sysid: System ID is not assigned automatically. Edit the System ID parameter to provide a unique ID
Info: SoC.sysid: Time stamp will be automatically updated when this component is generated.
Info: ip-generate succeeded.
Info: Finished: Create block symbol file (.bsf)
Info: 
Info: Starting: Create HDL design files for synthesis
Info: ip-generate --project-directory=D:/AAApera/Sem6/CO503/Practicals/Practical1/Part2/ --output-directory=D:/AAApera/Sem6/CO503/Practicals/Practical1/Part2/SoC/synthesis/ --file-set=QUARTUS_SYNTH --report-file=html:D:/AAApera/Sem6/CO503/Practicals/Practical1/Part2/SoC.html --report-file=sopcinfo:D:/AAApera/Sem6/CO503/Practicals/Practical1/Part2/SoC.sopcinfo --report-file=cmp:D:/AAApera/Sem6/CO503/Practicals/Practical1/Part2/SoC.cmp --report-file=qip:D:/AAApera/Sem6/CO503/Practicals/Practical1/Part2/SoC/synthesis/SoC.qip --report-file=svd --report-file=regmap:D:/AAApera/Sem6/CO503/Practicals/Practical1/Part2/SoC/synthesis/SoC.regmap --report-file=debuginfo:D:/AAApera/Sem6/CO503/Practicals/Practical1/Part2/SoC/synthesis/SoC.debuginfo --system-info=DEVICE_FAMILY="Cyclone IV E" --system-info=DEVICE=EP4CE115F29C7 --system-info=DEVICE_SPEEDGRADE=7 --component-file=D:/AAApera/Sem6/CO503/Practicals/Practical1/Part2/SoC.qsys --language=VERILOG
Progress: Loading Part2/SoC.qsys
Progress: Reading input file
Progress: Adding clock [clock_source 13.1]
Progress: Parameterizing module clock
Progress: Adding onboard_DRAM [altera_sdram_partner_module 11.0]
Progress: Parameterizing module onboard_DRAM
Progress: Adding cpu [altera_nios2_qsys 13.1]
Progress: Parameterizing module cpu
Progress: Adding jtag_uart [altera_avalon_jtag_uart 13.1]
Progress: Parameterizing module jtag_uart
Progress: Adding timer [altera_avalon_timer 13.1]
Progress: Parameterizing module timer
Progress: Adding sysid [altera_avalon_sysid_qsys 13.1]
Progress: Parameterizing module sysid
Progress: Adding led_out [altera_avalon_pio 13.1]
Progress: Parameterizing module led_out
Progress: Adding pll [altpll 13.1]
Progress: Parameterizing module pll
Progress: Adding mm_clock_crossing_bridge_0 [altera_avalon_mm_clock_crossing_bridge 13.1]
Progress: Parameterizing module mm_clock_crossing_bridge_0
Progress: Adding new_sdram_controller_0 [altera_avalon_new_sdram_controller 13.1]
Progress: Parameterizing module new_sdram_controller_0
Progress: Building connections
Progress: Parameterizing connections
Progress: Validating
Progress: Done reading input file
Info: SoC.sysid: System ID is not assigned automatically. Edit the System ID parameter to provide a unique ID
Info: SoC.sysid: Time stamp will be automatically updated when this component is generated.
Info: SoC: Generating SoC "SoC" for QUARTUS_SYNTH
Info: pipeline_bridge_swap_transform: After transform: 10 modules, 31 connections
Info: No custom instruction connections, skipping transform 
Info: merlin_initial_interconnect_transform: After transform: 7 modules, 20 connections
Info: merlin_translator_transform: After transform: 15 modules, 44 connections
Info: merlin_domain_transform: After transform: 32 modules, 128 connections
Info: merlin_router_transform: After transform: 40 modules, 152 connections
Info: merlin_burst_transform: After transform: 41 modules, 155 connections
Info: merlin_network_to_switch_transform: After transform: 56 modules, 187 connections
Info: merlin_width_transform: After transform: 58 modules, 193 connections
Info: Inserting clock-crossing logic between cmd_xbar_demux_001.src2 and cmd_xbar_mux_002.sink0
Info: Inserting clock-crossing logic between rsp_xbar_demux_002.src0 and rsp_xbar_mux_001.sink2
Info: com_altera_sopcmodel_transforms_avalon_ClockCrossingTransform: After transform: 60 modules, 203 connections
Info: merlin_clock_and_reset_bridge_transform: After transform: 64 modules, 268 connections
Info: merlin_hierarchy_transform: After transform: 11 modules, 35 connections
Info: merlin_initial_interconnect_transform: After transform: 5 modules, 8 connections
Info: merlin_translator_transform: After transform: 8 modules, 17 connections
Info: merlin_domain_transform: After transform: 14 modules, 46 connections
Info: merlin_router_transform: After transform: 17 modules, 55 connections
Info: merlin_traffic_limiter_transform: After transform: 18 modules, 59 connections
Info: merlin_network_to_switch_transform: After transform: 23 modules, 69 connections
Info: limiter_update_transform: After transform: 23 modules, 70 connections
Info: merlin_clock_and_reset_bridge_transform: After transform: 25 modules, 93 connections
Info: merlin_hierarchy_transform: After transform: 12 modules, 38 connections
Info: merlin_mm_transform: After transform: 12 modules, 38 connections
Info: merlin_interrupt_mapper_transform: After transform: 13 modules, 41 connections
Info: merlin_interrupt_sync_transform: After transform: 14 modules, 46 connections
Info: reset_adaptation_transform: After transform: 18 modules, 60 connections
Info: onboard_DRAM: Starting RTL generation for partner module 'SoC_onboard_DRAM'
Info: onboard_DRAM:   Generation command is [exec C:/altera/13.1/quartus/bin/perl/bin/perl.exe -I C:/altera/13.1/quartus/bin/perl/lib -I C:/altera/13.1/quartus/sopc_builder/bin/europa -I C:/altera/13.1/quartus/sopc_builder/bin/perl_lib -I C:/altera/13.1/quartus/sopc_builder/bin -I C:/altera/13.1/ip/altera/alt_mem_if/alt_mem_if_mem_models/altera_sdram_partner_module/ -I C:/altera/13.1/quartus/../ip/altera/sopc_builder_ip/altera_sdram_partner_module -- C:/altera/13.1/ip/altera/alt_mem_if/alt_mem_if_mem_models/altera_sdram_partner_module//em_altera_sodimm.pl --output_dir=C:/Users/Wishula/AppData/Local/Temp/alt9805_4820960347074050894.dir/0001_sopcgen/ --quartus_dir=C:/altera/13.1/quartus --language=verilog --sdram_data_width=16 --sdram_bank_width=1 --sdram_col_width=10 --sdram_row_width=13 --sdram_num_chipselects=1 --module_name=SoC_onboard_DRAM --cas_latency=1]
Info: onboard_DRAM: # 2024.03.23 06:07:05 (*) Starting SDRAM Simulation Partner Module generation
Info: onboard_DRAM: Done RTL generation for module 'SoC_onboard_DRAM'
Info: onboard_DRAM: "SoC" instantiated altera_sdram_partner_module "onboard_DRAM"
Info: cpu: Starting RTL generation for module 'SoC_cpu'
Info: cpu:   Generation command is [exec C:/altera/13.1/quartus/bin/eperlcmd.exe -I C:/altera/13.1/quartus/bin/perl/lib -I C:/altera/13.1/quartus/sopc_builder/bin/europa -I C:/altera/13.1/quartus/sopc_builder/bin/perl_lib -I C:/altera/13.1/quartus/sopc_builder/bin -I C:/altera/13.1/quartus/../ip/altera/nios2_ip/altera_nios2/cpu_lib -I C:/altera/13.1/quartus/../ip/altera/nios2_ip/altera_nios2/nios_lib -I C:/altera/13.1/quartus/../ip/altera/nios2_ip/altera_nios2 -I C:/altera/13.1/quartus/../ip/altera/nios2_ip/altera_nios2 -- C:/altera/13.1/quartus/../ip/altera/nios2_ip/altera_nios2/generate_rtl.epl --name=SoC_cpu --dir=C:/Users/Wishula/AppData/Local/Temp/alt9805_4820960347074050894.dir/0002_cpu_gen/ --quartus_dir=C:/altera/13.1/quartus --verilog --config=C:/Users/Wishula/AppData/Local/Temp/alt9805_4820960347074050894.dir/0002_cpu_gen//SoC_cpu_processor_configuration.pl  --do_build_sim=0  ]
Info: cpu: # 2024.03.23 06:07:05 (*) Starting Nios II generation
Info: cpu: # 2024.03.23 06:07:05 (*)   Checking for plaintext license.
Info: cpu: # 2024.03.23 06:07:06 (*)   Couldn't query license setup in Quartus directory C:/altera/13.1/quartus
Info: cpu: # 2024.03.23 06:07:06 (*)   Defaulting to contents of LM_LICENSE_FILE environment variable
Info: cpu: # 2024.03.23 06:07:06 (*)   LM_LICENSE_FILE environment variable is empty
Info: cpu: # 2024.03.23 06:07:06 (*)   Plaintext license not found.
Info: cpu: # 2024.03.23 06:07:06 (*)   No license required to generate encrypted Nios II/e.
Info: cpu: # 2024.03.23 06:07:06 (*)   Elaborating CPU configuration settings
Info: cpu: # 2024.03.23 06:07:06 (*)   Creating all objects for CPU
Info: cpu: # 2024.03.23 06:07:07 (*)   Generating RTL from CPU objects
Info: cpu: # 2024.03.23 06:07:07 (*)   Creating plain-text RTL
Info: cpu: # 2024.03.23 06:07:08 (*) Done Nios II generation
Info: cpu: Done RTL generation for module 'SoC_cpu'
Info: cpu: "SoC" instantiated altera_nios2_qsys "cpu"
Info: jtag_uart: Starting RTL generation for module 'SoC_jtag_uart'
Info: jtag_uart:   Generation command is [exec C:/altera/13.1/quartus/bin/perl/bin/perl.exe -I C:/altera/13.1/quartus/bin/perl/lib -I C:/altera/13.1/quartus/sopc_builder/bin/europa -I C:/altera/13.1/quartus/sopc_builder/bin/perl_lib -I C:/altera/13.1/quartus/sopc_builder/bin -I C:/altera/13.1/quartus/../ip/altera/sopc_builder_ip/common -I C:/altera/13.1/quartus/../ip/altera/sopc_builder_ip/altera_avalon_jtag_uart -- C:/altera/13.1/quartus/../ip/altera/sopc_builder_ip/altera_avalon_jtag_uart/generate_rtl.pl --name=SoC_jtag_uart --dir=C:/Users/Wishula/AppData/Local/Temp/alt9805_4820960347074050894.dir/0003_jtag_uart_gen/ --quartus_dir=C:/altera/13.1/quartus --verilog --config=C:/Users/Wishula/AppData/Local/Temp/alt9805_4820960347074050894.dir/0003_jtag_uart_gen//SoC_jtag_uart_component_configuration.pl  --do_build_sim=0  ]
Info: jtag_uart: Done RTL generation for module 'SoC_jtag_uart'
Info: jtag_uart: "SoC" instantiated altera_avalon_jtag_uart "jtag_uart"
Info: timer: Starting RTL generation for module 'SoC_timer'
Info: timer:   Generation command is [exec C:/altera/13.1/quartus/bin//perl/bin/perl.exe -I C:/altera/13.1/quartus/bin//perl/lib -I C:/altera/13.1/quartus/sopc_builder/bin/europa -I C:/altera/13.1/quartus/sopc_builder/bin/perl_lib -I C:/altera/13.1/quartus/sopc_builder/bin -I C:/altera/13.1/quartus/../ip/altera/sopc_builder_ip/common -I C:/altera/13.1/quartus/../ip/altera/sopc_builder_ip/altera_avalon_timer -- C:/altera/13.1/quartus/../ip/altera/sopc_builder_ip/altera_avalon_timer/generate_rtl.pl --name=SoC_timer --dir=C:/Users/Wishula/AppData/Local/Temp/alt9805_4820960347074050894.dir/0004_timer_gen/ --quartus_dir=C:/altera/13.1/quartus --verilog --config=C:/Users/Wishula/AppData/Local/Temp/alt9805_4820960347074050894.dir/0004_timer_gen//SoC_timer_component_configuration.pl  --do_build_sim=0  ]
Info: timer: Done RTL generation for module 'SoC_timer'
Info: timer: "SoC" instantiated altera_avalon_timer "timer"
Info: sysid: "SoC" instantiated altera_avalon_sysid_qsys "sysid"
Info: led_out: Starting RTL generation for module 'SoC_led_out'
Info: led_out:   Generation command is [exec C:/altera/13.1/quartus/bin/perl/bin/perl.exe -I C:/altera/13.1/quartus/bin/perl/lib -I C:/altera/13.1/quartus/sopc_builder/bin/europa -I C:/altera/13.1/quartus/sopc_builder/bin/perl_lib -I C:/altera/13.1/quartus/sopc_builder/bin -I C:/altera/13.1/quartus/../ip/altera/sopc_builder_ip/common -I C:/altera/13.1/quartus/../ip/altera/sopc_builder_ip/altera_avalon_pio -- C:/altera/13.1/quartus/../ip/altera/sopc_builder_ip/altera_avalon_pio/generate_rtl.pl --name=SoC_led_out --dir=C:/Users/Wishula/AppData/Local/Temp/alt9805_4820960347074050894.dir/0006_led_out_gen/ --quartus_dir=C:/altera/13.1/quartus --verilog --config=C:/Users/Wishula/AppData/Local/Temp/alt9805_4820960347074050894.dir/0006_led_out_gen//SoC_led_out_component_configuration.pl  --do_build_sim=0  ]
Info: led_out: Done RTL generation for module 'SoC_led_out'
Info: led_out: "SoC" instantiated altera_avalon_pio "led_out"
Info: pll: "SoC" instantiated altpll "pll"
Info: mm_clock_crossing_bridge_0: "SoC" instantiated altera_avalon_mm_clock_crossing_bridge "mm_clock_crossing_bridge_0"
Info: new_sdram_controller_0: Starting RTL generation for module 'SoC_new_sdram_controller_0'
Info: new_sdram_controller_0:   Generation command is [exec C:/altera/13.1/quartus/bin/perl/bin/perl.exe -I C:/altera/13.1/quartus/bin/perl/lib -I C:/altera/13.1/quartus/sopc_builder/bin/europa -I C:/altera/13.1/quartus/sopc_builder/bin/perl_lib -I C:/altera/13.1/quartus/sopc_builder/bin -I C:/altera/13.1/quartus/../ip/altera/sopc_builder_ip/common -I C:/altera/13.1/quartus/../ip/altera/sopc_builder_ip/altera_avalon_new_sdram_controller -- C:/altera/13.1/quartus/../ip/altera/sopc_builder_ip/altera_avalon_new_sdram_controller/generate_rtl.pl --name=SoC_new_sdram_controller_0 --dir=C:/Users/Wishula/AppData/Local/Temp/alt9805_4820960347074050894.dir/0009_new_sdram_controller_0_gen/ --quartus_dir=C:/altera/13.1/quartus --verilog --config=C:/Users/Wishula/AppData/Local/Temp/alt9805_4820960347074050894.dir/0009_new_sdram_controller_0_gen//SoC_new_sdram_controller_0_component_configuration.pl  --do_build_sim=0  ]
Info: new_sdram_controller_0: Done RTL generation for module 'SoC_new_sdram_controller_0'
Info: new_sdram_controller_0: "SoC" instantiated altera_avalon_new_sdram_controller "new_sdram_controller_0"
Info: pipeline_bridge_swap_transform: After transform: 57 modules, 185 connections
Info: No custom instruction connections, skipping transform 
Info: merlin_initial_interconnect_transform: After transform: 0 modules, 0 connections
Info: No Avalon connections, skipping transform 
Info: merlin_hierarchy_transform: After transform: 57 modules, 185 connections
Info: merlin_initial_interconnect_transform: After transform: 0 modules, 0 connections
Info: No Avalon connections, skipping transform 
Info: merlin_hierarchy_transform: After transform: 57 modules, 185 connections
Info: merlin_initial_interconnect_transform: After transform: 0 modules, 0 connections
Info: No Avalon connections, skipping transform 
Info: merlin_hierarchy_transform: After transform: 57 modules, 185 connections
Info: merlin_initial_interconnect_transform: After transform: 0 modules, 0 connections
Info: No Avalon connections, skipping transform 
Info: merlin_hierarchy_transform: After transform: 57 modules, 185 connections
Info: merlin_initial_interconnect_transform: After transform: 0 modules, 0 connections
Info: No Avalon connections, skipping transform 
Info: merlin_hierarchy_transform: After transform: 57 modules, 185 connections
Info: merlin_initial_interconnect_transform: After transform: 0 modules, 0 connections
Info: No Avalon connections, skipping transform 
Info: merlin_hierarchy_transform: After transform: 57 modules, 185 connections
Info: merlin_initial_interconnect_transform: After transform: 0 modules, 0 connections
Info: No Avalon connections, skipping transform 
Info: merlin_hierarchy_transform: After transform: 57 modules, 185 connections
Info: merlin_initial_interconnect_transform: After transform: 0 modules, 0 connections
Info: No Avalon connections, skipping transform 
Info: merlin_hierarchy_transform: After transform: 57 modules, 185 connections
Info: mm_interconnect_0: "SoC" instantiated altera_merlin_interconnect_wrapper "mm_interconnect_0"
Info: pipeline_bridge_swap_transform: After transform: 20 modules, 62 connections
Info: No custom instruction connections, skipping transform 
Info: merlin_initial_interconnect_transform: After transform: 0 modules, 0 connections
Info: No Avalon connections, skipping transform 
Info: merlin_hierarchy_transform: After transform: 20 modules, 62 connections
Info: merlin_initial_interconnect_transform: After transform: 0 modules, 0 connections
Info: No Avalon connections, skipping transform 
Info: merlin_hierarchy_transform: After transform: 20 modules, 62 connections
Info: merlin_initial_interconnect_transform: After transform: 0 modules, 0 connections
Info: No Avalon connections, skipping transform 
Info: merlin_hierarchy_transform: After transform: 20 modules, 62 connections
Info: mm_interconnect_1: "SoC" instantiated altera_merlin_interconnect_wrapper "mm_interconnect_1"
Info: irq_mapper: "SoC" instantiated altera_irq_mapper "irq_mapper"
Info: irq_synchronizer: "SoC" instantiated altera_irq_clock_crosser "irq_synchronizer"
Info: rst_controller: "SoC" instantiated altera_reset_controller "rst_controller"
Info: cpu_instruction_master_translator: "mm_interconnect_0" instantiated altera_merlin_master_translator "cpu_instruction_master_translator"
Info: cpu_jtag_debug_module_translator: "mm_interconnect_0" instantiated altera_merlin_slave_translator "cpu_jtag_debug_module_translator"
Info: cpu_instruction_master_translator_avalon_universal_master_0_agent: "mm_interconnect_0" instantiated altera_merlin_master_agent "cpu_instruction_master_translator_avalon_universal_master_0_agent"
Info: cpu_jtag_debug_module_translator_avalon_universal_slave_0_agent: "mm_interconnect_0" instantiated altera_merlin_slave_agent "cpu_jtag_debug_module_translator_avalon_universal_slave_0_agent"
Info: cpu_jtag_debug_module_translator_avalon_universal_slave_0_agent_rsp_fifo: "mm_interconnect_0" instantiated altera_avalon_sc_fifo "cpu_jtag_debug_module_translator_avalon_universal_slave_0_agent_rsp_fifo"
Info: addr_router: "mm_interconnect_0" instantiated altera_merlin_router "addr_router"
Info: addr_router_001: "mm_interconnect_0" instantiated altera_merlin_router "addr_router_001"
Info: id_router: "mm_interconnect_0" instantiated altera_merlin_router "id_router"
Info: id_router_001: "mm_interconnect_0" instantiated altera_merlin_router "id_router_001"
Info: id_router_002: "mm_interconnect_0" instantiated altera_merlin_router "id_router_002"
Info: id_router_003: "mm_interconnect_0" instantiated altera_merlin_router "id_router_003"
Info: burst_adapter: "mm_interconnect_0" instantiated altera_merlin_burst_adapter "burst_adapter"
Info: cmd_xbar_demux: "mm_interconnect_0" instantiated altera_merlin_demultiplexer "cmd_xbar_demux"
Info: cmd_xbar_demux_001: "mm_interconnect_0" instantiated altera_merlin_demultiplexer "cmd_xbar_demux_001"
Info: cmd_xbar_mux: "mm_interconnect_0" instantiated altera_merlin_multiplexer "cmd_xbar_mux"
Info: cmd_xbar_mux_002: "mm_interconnect_0" instantiated altera_merlin_multiplexer "cmd_xbar_mux_002"
Info: Reusing file D:/AAApera/Sem6/CO503/Practicals/Practical1/Part2/SoC/synthesis/submodules/altera_merlin_arbitrator.sv
Info: cmd_xbar_mux_003: "mm_interconnect_0" instantiated altera_merlin_multiplexer "cmd_xbar_mux_003"
Info: Reusing file D:/AAApera/Sem6/CO503/Practicals/Practical1/Part2/SoC/synthesis/submodules/altera_merlin_arbitrator.sv
Info: rsp_xbar_demux_002: "mm_interconnect_0" instantiated altera_merlin_demultiplexer "rsp_xbar_demux_002"
Info: rsp_xbar_demux_003: "mm_interconnect_0" instantiated altera_merlin_demultiplexer "rsp_xbar_demux_003"
Info: rsp_xbar_mux: "mm_interconnect_0" instantiated altera_merlin_multiplexer "rsp_xbar_mux"
Info: Reusing file D:/AAApera/Sem6/CO503/Practicals/Practical1/Part2/SoC/synthesis/submodules/altera_merlin_arbitrator.sv
Info: rsp_xbar_mux_001: "mm_interconnect_0" instantiated altera_merlin_multiplexer "rsp_xbar_mux_001"
Info: Reusing file D:/AAApera/Sem6/CO503/Practicals/Practical1/Part2/SoC/synthesis/submodules/altera_merlin_arbitrator.sv
Info: width_adapter: "mm_interconnect_0" instantiated altera_merlin_width_adapter "width_adapter"
Info: Reusing file D:/AAApera/Sem6/CO503/Practicals/Practical1/Part2/SoC/synthesis/submodules/altera_merlin_address_alignment.sv
Info: Reusing file D:/AAApera/Sem6/CO503/Practicals/Practical1/Part2/SoC/synthesis/submodules/altera_merlin_burst_uncompressor.sv
Info: crosser: "mm_interconnect_0" instantiated altera_avalon_st_handshake_clock_crosser "crosser"
Info: addr_router: "mm_interconnect_1" instantiated altera_merlin_router "addr_router"
Info: id_router: "mm_interconnect_1" instantiated altera_merlin_router "id_router"
Info: limiter: "mm_interconnect_1" instantiated altera_merlin_traffic_limiter "limiter"
Info: Reusing file D:/AAApera/Sem6/CO503/Practicals/Practical1/Part2/SoC/synthesis/submodules/altera_avalon_sc_fifo.v
Info: Reusing file D:/AAApera/Sem6/CO503/Practicals/Practical1/Part2/SoC/synthesis/submodules/altera_avalon_st_pipeline_base.v
Info: cmd_xbar_demux: "mm_interconnect_1" instantiated altera_merlin_demultiplexer "cmd_xbar_demux"
Info: cmd_xbar_mux: "mm_interconnect_1" instantiated altera_merlin_multiplexer "cmd_xbar_mux"
Info: Reusing file D:/AAApera/Sem6/CO503/Practicals/Practical1/Part2/SoC/synthesis/submodules/altera_merlin_arbitrator.sv
Info: rsp_xbar_demux: "mm_interconnect_1" instantiated altera_merlin_demultiplexer "rsp_xbar_demux"
Info: rsp_xbar_mux: "mm_interconnect_1" instantiated altera_merlin_multiplexer "rsp_xbar_mux"
Info: Reusing file D:/AAApera/Sem6/CO503/Practicals/Practical1/Part2/SoC/synthesis/submodules/altera_merlin_arbitrator.sv
Info: SoC: Done "SoC" with 45 modules, 64 files, 1318209 bytes
Info: ip-generate succeeded.
Info: Finished: Create HDL design files for synthesis
